c:\users\74262\source\repos\qtwidgetsapplication1\x64\release\qtwidgetsapplication1.pch
c:\users\74262\source\repos\qtwidgetsapplication1\x64\release\stdafx.obj
c:\users\74262\source\repos\qtwidgetsapplication1\x64\release\qrc_qtwidgetsapplication1.obj
c:\users\74262\source\repos\qtwidgetsapplication1\x64\release\moc_qtwidgetsapplication1.obj
c:\users\74262\source\repos\qtwidgetsapplication1\x64\release\qtwidgetsapplication1.obj
c:\users\74262\source\repos\qtwidgetsapplication1\x64\release\main.obj
c:\users\74262\source\repos\qtwidgetsapplication1\x64\release\qtwidgetsapplication1.exe
c:\users\74262\source\repos\qtwidgetsapplication1\x64\release\moc\moc_qtwidgetsapplication1.cpp
c:\users\74262\source\repos\qtwidgetsapplication1\x64\release\uic\ui_qtwidgetsapplication1.h
c:\users\74262\source\repos\qtwidgetsapplication1\x64\release\rcc\qrc_qtwidgetsapplication1.cpp
c:\users\74262\source\repos\qtwidgetsapplication1\x64\release\myapp.res
c:\users\74262\source\repos\qtwidgetsapplication1\x64\release\qtwidget.69b185e6.tlog\cl.command.1.tlog
c:\users\74262\source\repos\qtwidgetsapplication1\x64\release\qtwidget.69b185e6.tlog\cl.read.1.tlog
c:\users\74262\source\repos\qtwidgetsapplication1\x64\release\qtwidget.69b185e6.tlog\cl.write.1.tlog
c:\users\74262\source\repos\qtwidgetsapplication1\x64\release\qtwidget.69b185e6.tlog\link.command.1.tlog
c:\users\74262\source\repos\qtwidgetsapplication1\x64\release\qtwidget.69b185e6.tlog\link.read.1.tlog
c:\users\74262\source\repos\qtwidgetsapplication1\x64\release\qtwidget.69b185e6.tlog\link.write.1.tlog
c:\users\74262\source\repos\qtwidgetsapplication1\x64\release\qtwidget.69b185e6.tlog\moc.read.1u.tlog
c:\users\74262\source\repos\qtwidgetsapplication1\x64\release\qtwidget.69b185e6.tlog\moc.write.1u.tlog
c:\users\74262\source\repos\qtwidgetsapplication1\x64\release\qtwidget.69b185e6.tlog\qtwidgetsapplication1.write.1u.tlog
c:\users\74262\source\repos\qtwidgetsapplication1\x64\release\qtwidget.69b185e6.tlog\rc.command.1.tlog
c:\users\74262\source\repos\qtwidgetsapplication1\x64\release\qtwidget.69b185e6.tlog\rc.read.1.tlog
c:\users\74262\source\repos\qtwidgetsapplication1\x64\release\qtwidget.69b185e6.tlog\rc.write.1.tlog
c:\users\74262\source\repos\qtwidgetsapplication1\x64\release\qtwidget.69b185e6.tlog\rcc.read.1u.tlog
c:\users\74262\source\repos\qtwidgetsapplication1\x64\release\qtwidget.69b185e6.tlog\rcc.write.1u.tlog
c:\users\74262\source\repos\qtwidgetsapplication1\x64\release\qtwidget.69b185e6.tlog\uic.read.1u.tlog
c:\users\74262\source\repos\qtwidgetsapplication1\x64\release\qtwidget.69b185e6.tlog\uic.write.1u.tlog
